<?xml version="1.0" encoding="UTF-8"?>
<testng-results ignored="0" total="2" passed="2" failed="0" skipped="0">
  <reporter-output>
  </reporter-output>
  <suite started-at="2025-04-28T03:47:53 EEST" name="BillPay_Suite" finished-at="2025-04-28T03:48:14 EEST" duration-ms="20823">
    <groups>
    </groups>
    <test started-at="2025-04-28T03:47:53 EEST" name="BillPay_happyTestCases" finished-at="2025-04-28T03:48:04 EEST" duration-ms="10504">
      <class name="tests.BillPay_happyScenario">
        <test-method is-config="true" signature="openBrowser()[pri:0, instance:tests.BillPay_happyScenario@32811494]" started-at="2025-04-28T03:47:53 EEST" name="openBrowser" finished-at="2025-04-28T03:47:55 EEST" duration-ms="2203" status="PASS">
          <reporter-output>
          </reporter-output>
        </test-method> <!-- openBrowser -->
        <test-method signature="test_BillPay()[pri:1, instance:tests.BillPay_happyScenario@32811494]" started-at="2025-04-28T03:47:55 EEST" name="test_BillPay" finished-at="2025-04-28T03:48:03 EEST" duration-ms="8050" status="PASS">
          <reporter-output>
          </reporter-output>
        </test-method> <!-- test_BillPay -->
        <test-method is-config="true" signature="closeBrowser()[pri:0, instance:tests.BillPay_happyScenario@32811494]" started-at="2025-04-28T03:48:03 EEST" name="closeBrowser" finished-at="2025-04-28T03:48:04 EEST" duration-ms="213" status="PASS">
          <reporter-output>
          </reporter-output>
        </test-method> <!-- closeBrowser -->
      </class> <!-- tests.BillPay_happyScenario -->
    </test> <!-- BillPay_happyTestCases -->
    <test started-at="2025-04-28T03:48:04 EEST" name="BillPay_negativeTestCases" finished-at="2025-04-28T03:48:14 EEST" duration-ms="10259">
      <class name="tests.BillPay_negativeScenario">
        <test-method is-config="true" signature="openBrowser()[pri:0, instance:tests.BillPay_negativeScenario@1080b026]" started-at="2025-04-28T03:48:04 EEST" name="openBrowser" finished-at="2025-04-28T03:48:06 EEST" duration-ms="2516" status="PASS">
          <reporter-output>
          </reporter-output>
        </test-method> <!-- openBrowser -->
        <test-method signature="test_BillPay()[pri:2, instance:tests.BillPay_negativeScenario@1080b026]" started-at="2025-04-28T03:48:06 EEST" name="test_BillPay" finished-at="2025-04-28T03:48:14 EEST" duration-ms="7507" status="PASS">
          <reporter-output>
          </reporter-output>
        </test-method> <!-- test_BillPay -->
        <test-method is-config="true" signature="closeBrowser()[pri:0, instance:tests.BillPay_negativeScenario@1080b026]" started-at="2025-04-28T03:48:14 EEST" name="closeBrowser" finished-at="2025-04-28T03:48:14 EEST" duration-ms="235" status="PASS">
          <reporter-output>
          </reporter-output>
        </test-method> <!-- closeBrowser -->
      </class> <!-- tests.BillPay_negativeScenario -->
    </test> <!-- BillPay_negativeTestCases -->
  </suite> <!-- BillPay_Suite -->
</testng-results>
